# JRE version: Java(TM) SE Runtime Environment (8.0_291-b10) (build 1.8.0_291-b10)
# Java VM: Java HotSpot(TM) 64-Bit Server VM (25.291-b10 mixed mode windows-amd64 compressed oops)
Heap:
 PSYoungGen      total 121856K, used 11856K [0x00000000daf80000, 0x00000000e6100000, 0x0000000100000000)
  eden space 113152K, 2% used [0x00000000daf80000,0x00000000db297210,0x00000000e1e00000)
  from space 8704K, 99% used [0x00000000e1e00000,0x00000000e267d080,0x00000000e2680000)
  to   space 12800K, 0% used [0x00000000e5480000,0x00000000e5480000,0x00000000e6100000)
 ParOldGen       total 49152K, used 13636K [0x0000000090e00000, 0x0000000093e00000, 0x00000000daf80000)
  object space 49152K, 27% used [0x0000000090e00000,0x0000000091b51138,0x0000000093e00000)
 Metaspace       used 32869K, capacity 34896K, committed 35072K, reserved 1079296K
  class space    used 4379K, capacity 4750K, committed 4864K, reserved 1048576K
GC Heap History (10 events):
Event: 1.864 GC heap before
{Heap before GC invocations=4 (full 0):
 PSYoungGen      total 33280K, used 33272K [0x00000000daf80000, 0x00000000df080000, 0x0000000100000000)
  eden space 28672K, 100% used [0x00000000daf80000,0x00000000dcb80000,0x00000000dcb80000)
  from space 4608K, 99% used [0x00000000dcb80000,0x00000000dcffe030,0x00000000dd000000)
  to   space 4608K, 0% used [0x00000000dec00000,0x00000000dec00000,0x00000000df080000)
 ParOldGen       total 76800K, used 4130K [0x0000000090e00000, 0x0000000095900000, 0x00000000daf80000)
  object space 76800K, 5% used [0x0000000090e00000,0x00000000912088b8,0x0000000095900000)
 Metaspace       used 19278K, capacity 20146K, committed 20480K, reserved 1067008K
  class space    used 2515K, capacity 2715K, committed 2816K, reserved 1048576K
Event: 1.870 GC heap after
Heap after GC invocations=4 (full 0):
 PSYoungGen      total 61952K, used 4605K [0x00000000daf80000, 0x00000000df080000, 0x0000000100000000)
  eden space 57344K, 0% used [0x00000000daf80000,0x00000000daf80000,0x00000000de780000)
  from space 4608K, 99% used [0x00000000dec00000,0x00000000df07f6d8,0x00000000df080000)
  to   space 4608K, 0% used [0x00000000de780000,0x00000000de780000,0x00000000dec00000)
 ParOldGen       total 76800K, used 7386K [0x0000000090e00000, 0x0000000095900000, 0x00000000daf80000)
  object space 76800K, 9% used [0x0000000090e00000,0x0000000091536948,0x0000000095900000)
 Metaspace       used 19278K, capacity 20146K, committed 20480K, reserved 1067008K
  class space    used 2515K, capacity 2715K, committed 2816K, reserved 1048576K
}
Event: 2.011 GC heap before
{Heap before GC invocations=5 (full 0):
 PSYoungGen      total 61952K, used 19875K [0x00000000daf80000, 0x00000000df080000, 0x0000000100000000)
  eden space 57344K, 26% used [0x00000000daf80000,0x00000000dbe69628,0x00000000de780000)
  from space 4608K, 99% used [0x00000000dec00000,0x00000000df07f6d8,0x00000000df080000)
  to   space 4608K, 0% used [0x00000000de780000,0x00000000de780000,0x00000000dec00000)
 ParOldGen       total 76800K, used 7386K [0x0000000090e00000, 0x0000000095900000, 0x00000000daf80000)
  object space 76800K, 9% used [0x0000000090e00000,0x0000000091536948,0x0000000095900000)
 Metaspace       used 20295K, capacity 21236K, committed 21296K, reserved 1067008K
  class space    used 2661K, capacity 2904K, committed 2944K, reserved 1048576K
Event: 2.016 GC heap after
Heap after GC invocations=5 (full 0):
 PSYoungGen      total 61952K, used 4589K [0x00000000daf80000, 0x00000000e3180000, 0x0000000100000000)
  eden space 57344K, 0% used [0x00000000daf80000,0x00000000daf80000,0x00000000de780000)
  from space 4608K, 99% used [0x00000000de780000,0x00000000debfb6e8,0x00000000dec00000)
  to   space 9216K, 0% used [0x00000000e2880000,0x00000000e2880000,0x00000000e3180000)
 ParOldGen       total 76800K, used 8604K [0x0000000090e00000, 0x0000000095900000, 0x00000000daf80000)
  object space 76800K, 11% used [0x0000000090e00000,0x0000000091667020,0x0000000095900000)
 Metaspace       used 20295K, capacity 21236K, committed 21296K, reserved 1067008K
  class space    used 2661K, capacity 2904K, committed 2944K, reserved 1048576K
}
Event: 2.016 GC heap before
{Heap before GC invocations=6 (full 1):
 PSYoungGen      total 61952K, used 4589K [0x00000000daf80000, 0x00000000e3180000, 0x0000000100000000)
  eden space 57344K, 0% used [0x00000000daf80000,0x00000000daf80000,0x00000000de780000)
  from space 4608K, 99% used [0x00000000de780000,0x00000000debfb6e8,0x00000000dec00000)
  to   space 9216K, 0% used [0x00000000e2880000,0x00000000e2880000,0x00000000e3180000)
 ParOldGen       total 76800K, used 8604K [0x0000000090e00000, 0x0000000095900000, 0x00000000daf80000)
  object space 76800K, 11% used [0x0000000090e00000,0x0000000091667020,0x0000000095900000)
 Metaspace       used 20295K, capacity 21236K, committed 21296K, reserved 1067008K
  class space    used 2661K, capacity 2904K, committed 2944K, reserved 1048576K
Event: 2.039 GC heap after
Heap after GC invocations=6 (full 1):
 PSYoungGen      total 61952K, used 0K [0x00000000daf80000, 0x00000000e3180000, 0x0000000100000000)
  eden space 57344K, 0% used [0x00000000daf80000,0x00000000daf80000,0x00000000de780000)
  from space 4608K, 0% used [0x00000000de780000,0x00000000de780000,0x00000000dec00000)
  to   space 9216K, 0% used [0x00000000e2880000,0x00000000e2880000,0x00000000e3180000)
 ParOldGen       total 49152K, used 7142K [0x0000000090e00000, 0x0000000093e00000, 0x00000000daf80000)
  object space 49152K, 14% used [0x0000000090e00000,0x00000000914f9800,0x0000000093e00000)
 Metaspace       used 20295K, capacity 21236K, committed 21296K, reserved 1067008K
  class space    used 2661K, capacity 2904K, committed 2944K, reserved 1048576K
}
Event: 2.512 GC heap before
{Heap before GC invocations=7 (full 1):
 PSYoungGen      total 61952K, used 57344K [0x00000000daf80000, 0x00000000e3180000, 0x0000000100000000)
  eden space 57344K, 100% used [0x00000000daf80000,0x00000000de780000,0x00000000de780000)
  from space 4608K, 0% used [0x00000000de780000,0x00000000de780000,0x00000000dec00000)
  to   space 9216K, 0% used [0x00000000e2880000,0x00000000e2880000,0x00000000e3180000)
 ParOldGen       total 49152K, used 7142K [0x0000000090e00000, 0x0000000093e00000, 0x00000000daf80000)
  object space 49152K, 14% used [0x0000000090e00000,0x00000000914f9800,0x0000000093e00000)
 Metaspace       used 24794K, capacity 26272K, committed 26496K, reserved 1073152K
  class space    used 3294K, capacity 3596K, committed 3712K, reserved 1048576K
Event: 2.517 GC heap after
Heap after GC invocations=7 (full 1):
 PSYoungGen      total 101888K, used 6517K [0x00000000daf80000, 0x00000000e2f00000, 0x0000000100000000)
  eden space 95232K, 0% used [0x00000000daf80000,0x00000000daf80000,0x00000000e0c80000)
  from space 6656K, 97% used [0x00000000e2880000,0x00000000e2edd7c0,0x00000000e2f00000)
  to   space 8704K, 0% used [0x00000000e1e00000,0x00000000e1e00000,0x00000000e2680000)
 ParOldGen       total 49152K, used 7150K [0x0000000090e00000, 0x0000000093e00000, 0x00000000daf80000)
  object space 49152K, 14% used [0x0000000090e00000,0x00000000914fb800,0x0000000093e00000)
 Metaspace       used 24794K, capacity 26272K, committed 26496K, reserved 1073152K
  class space    used 3294K, capacity 3596K, committed 3712K, reserved 1048576K
}
Event: 3.189 GC heap before
{Heap before GC invocations=8 (full 1):
 PSYoungGen      total 101888K, used 101749K [0x00000000daf80000, 0x00000000e2f00000, 0x0000000100000000)
  eden space 95232K, 100% used [0x00000000daf80000,0x00000000e0c80000,0x00000000e0c80000)
  from space 6656K, 97% used [0x00000000e2880000,0x00000000e2edd7c0,0x00000000e2f00000)
  to   space 8704K, 0% used [0x00000000e1e00000,0x00000000e1e00000,0x00000000e2680000)
 ParOldGen       total 49152K, used 7150K [0x0000000090e00000, 0x0000000093e00000, 0x00000000daf80000)
  object space 49152K, 14% used [0x0000000090e00000,0x00000000914fb800,0x0000000093e00000)
 Metaspace       used 32746K, capacity 34680K, committed 34816K, reserved 1079296K
  class space    used 4366K, capacity 4746K, committed 4864K, reserved 1048576K
Event: 3.201 GC heap after
Heap after GC invocations=8 (full 1):
 PSYoungGen      total 121856K, used 8692K [0x00000000daf80000, 0x00000000e6100000, 0x0000000100000000)
  eden space 113152K, 0% used [0x00000000daf80000,0x00000000daf80000,0x00000000e1e00000)
  from space 8704K, 99% used [0x00000000e1e00000,0x00000000e267d080,0x00000000e2680000)
  to   space 12800K, 0% used [0x00000000e5480000,0x00000000e5480000,0x00000000e6100000)
 ParOldGen       total 49152K, used 13636K [0x0000000090e00000, 0x0000000093e00000, 0x00000000daf80000)
  object space 49152K, 27% used [0x0000000090e00000,0x0000000091b51138,0x0000000093e00000)
 Metaspace       used 32746K, capacity 34680K, committed 34816K, reserved 1079296K
  class space    used 4366K, capacity 4746K, committed 4864K, reserved 1048576K
}

