# JRE version: Java(TM) SE Runtime Environment (8.0_291-b10) (build 1.8.0_291-b10)
# Java VM: Java HotSpot(TM) 64-Bit Server VM (25.291-b10 mixed mode windows-amd64 compressed oops)
Heap:
 PSYoungGen      total 121344K, used 20360K [0x00000000daf80000, 0x00000000e6000000, 0x0000000100000000)
  eden space 112640K, 10% used [0x00000000daf80000,0x00000000dbae3180,0x00000000e1d80000)
  from space 8704K, 99% used [0x00000000e1d80000,0x00000000e25ff070,0x00000000e2600000)
  to   space 13824K, 0% used [0x00000000e5280000,0x00000000e5280000,0x00000000e6000000)
 ParOldGen       total 49664K, used 15970K [0x0000000090e00000, 0x0000000093e80000, 0x00000000daf80000)
  object space 49664K, 32% used [0x0000000090e00000,0x0000000091d98b78,0x0000000093e80000)
 Metaspace       used 32956K, capacity 34988K, committed 35328K, reserved 1079296K
  class space    used 4396K, capacity 4767K, committed 4864K, reserved 1048576K
GC Heap History (10 events):
Event: 1.857 GC heap before
{Heap before GC invocations=4 (full 0):
 PSYoungGen      total 33280K, used 33266K [0x00000000daf80000, 0x00000000df080000, 0x0000000100000000)
  eden space 28672K, 100% used [0x00000000daf80000,0x00000000dcb80000,0x00000000dcb80000)
  from space 4608K, 99% used [0x00000000dcb80000,0x00000000dcffcb90,0x00000000dd000000)
  to   space 4608K, 0% used [0x00000000dec00000,0x00000000dec00000,0x00000000df080000)
 ParOldGen       total 76800K, used 4295K [0x0000000090e00000, 0x0000000095900000, 0x00000000daf80000)
  object space 76800K, 5% used [0x0000000090e00000,0x0000000091231e50,0x0000000095900000)
 Metaspace       used 19267K, capacity 20146K, committed 20480K, reserved 1067008K
  class space    used 2522K, capacity 2715K, committed 2816K, reserved 1048576K
Event: 1.863 GC heap after
Heap after GC invocations=4 (full 0):
 PSYoungGen      total 61952K, used 4605K [0x00000000daf80000, 0x00000000df080000, 0x0000000100000000)
  eden space 57344K, 0% used [0x00000000daf80000,0x00000000daf80000,0x00000000de780000)
  from space 4608K, 99% used [0x00000000dec00000,0x00000000df07f6f8,0x00000000df080000)
  to   space 4608K, 0% used [0x00000000de780000,0x00000000de780000,0x00000000dec00000)
 ParOldGen       total 76800K, used 7439K [0x0000000090e00000, 0x0000000095900000, 0x00000000daf80000)
  object space 76800K, 9% used [0x0000000090e00000,0x0000000091543fc8,0x0000000095900000)
 Metaspace       used 19267K, capacity 20146K, committed 20480K, reserved 1067008K
  class space    used 2522K, capacity 2715K, committed 2816K, reserved 1048576K
}
Event: 1.991 GC heap before
{Heap before GC invocations=5 (full 0):
 PSYoungGen      total 61952K, used 19890K [0x00000000daf80000, 0x00000000df080000, 0x0000000100000000)
  eden space 57344K, 26% used [0x00000000daf80000,0x00000000dbe6d210,0x00000000de780000)
  from space 4608K, 99% used [0x00000000dec00000,0x00000000df07f6f8,0x00000000df080000)
  to   space 4608K, 0% used [0x00000000de780000,0x00000000de780000,0x00000000dec00000)
 ParOldGen       total 76800K, used 7439K [0x0000000090e00000, 0x0000000095900000, 0x00000000daf80000)
  object space 76800K, 9% used [0x0000000090e00000,0x0000000091543fc8,0x0000000095900000)
 Metaspace       used 20285K, capacity 21236K, committed 21296K, reserved 1067008K
  class space    used 2668K, capacity 2904K, committed 2944K, reserved 1048576K
Event: 1.996 GC heap after
Heap after GC invocations=5 (full 0):
 PSYoungGen      total 61952K, used 4589K [0x00000000daf80000, 0x00000000e3080000, 0x0000000100000000)
  eden space 57344K, 0% used [0x00000000daf80000,0x00000000daf80000,0x00000000de780000)
  from space 4608K, 99% used [0x00000000de780000,0x00000000debfb6e8,0x00000000dec00000)
  to   space 8704K, 0% used [0x00000000e2800000,0x00000000e2800000,0x00000000e3080000)
 ParOldGen       total 76800K, used 8611K [0x0000000090e00000, 0x0000000095900000, 0x00000000daf80000)
  object space 76800K, 11% used [0x0000000090e00000,0x0000000091668f18,0x0000000095900000)
 Metaspace       used 20285K, capacity 21236K, committed 21296K, reserved 1067008K
  class space    used 2668K, capacity 2904K, committed 2944K, reserved 1048576K
}
Event: 1.996 GC heap before
{Heap before GC invocations=6 (full 1):
 PSYoungGen      total 61952K, used 4589K [0x00000000daf80000, 0x00000000e3080000, 0x0000000100000000)
  eden space 57344K, 0% used [0x00000000daf80000,0x00000000daf80000,0x00000000de780000)
  from space 4608K, 99% used [0x00000000de780000,0x00000000debfb6e8,0x00000000dec00000)
  to   space 8704K, 0% used [0x00000000e2800000,0x00000000e2800000,0x00000000e3080000)
 ParOldGen       total 76800K, used 8611K [0x0000000090e00000, 0x0000000095900000, 0x00000000daf80000)
  object space 76800K, 11% used [0x0000000090e00000,0x0000000091668f18,0x0000000095900000)
 Metaspace       used 20285K, capacity 21236K, committed 21296K, reserved 1067008K
  class space    used 2668K, capacity 2904K, committed 2944K, reserved 1048576K
Event: 2.021 GC heap after
Heap after GC invocations=6 (full 1):
 PSYoungGen      total 61952K, used 0K [0x00000000daf80000, 0x00000000e3080000, 0x0000000100000000)
  eden space 57344K, 0% used [0x00000000daf80000,0x00000000daf80000,0x00000000de780000)
  from space 4608K, 0% used [0x00000000de780000,0x00000000de780000,0x00000000dec00000)
  to   space 8704K, 0% used [0x00000000e2800000,0x00000000e2800000,0x00000000e3080000)
 ParOldGen       total 49664K, used 7123K [0x0000000090e00000, 0x0000000093e80000, 0x00000000daf80000)
  object space 49664K, 14% used [0x0000000090e00000,0x00000000914f4e00,0x0000000093e80000)
 Metaspace       used 20285K, capacity 21236K, committed 21296K, reserved 1067008K
  class space    used 2668K, capacity 2904K, committed 2944K, reserved 1048576K
}
Event: 2.487 GC heap before
{Heap before GC invocations=7 (full 1):
 PSYoungGen      total 61952K, used 57344K [0x00000000daf80000, 0x00000000e3080000, 0x0000000100000000)
  eden space 57344K, 100% used [0x00000000daf80000,0x00000000de780000,0x00000000de780000)
  from space 4608K, 0% used [0x00000000de780000,0x00000000de780000,0x00000000dec00000)
  to   space 8704K, 0% used [0x00000000e2800000,0x00000000e2800000,0x00000000e3080000)
 ParOldGen       total 49664K, used 7123K [0x0000000090e00000, 0x0000000093e80000, 0x00000000daf80000)
  object space 49664K, 14% used [0x0000000090e00000,0x00000000914f4e00,0x0000000093e80000)
 Metaspace       used 24779K, capacity 26268K, committed 26496K, reserved 1073152K
  class space    used 3299K, capacity 3596K, committed 3712K, reserved 1048576K
Event: 2.492 GC heap after
Heap after GC invocations=7 (full 1):
 PSYoungGen      total 100864K, used 6504K [0x00000000daf80000, 0x00000000e2e80000, 0x0000000100000000)
  eden space 94208K, 0% used [0x00000000daf80000,0x00000000daf80000,0x00000000e0b80000)
  from space 6656K, 97% used [0x00000000e2800000,0x00000000e2e5a010,0x00000000e2e80000)
  to   space 8704K, 0% used [0x00000000e1d80000,0x00000000e1d80000,0x00000000e2600000)
 ParOldGen       total 49664K, used 7131K [0x0000000090e00000, 0x0000000093e80000, 0x00000000daf80000)
  object space 49664K, 14% used [0x0000000090e00000,0x00000000914f6e00,0x0000000093e80000)
 Metaspace       used 24779K, capacity 26268K, committed 26496K, reserved 1073152K
  class space    used 3299K, capacity 3596K, committed 3712K, reserved 1048576K
}
Event: 3.150 GC heap before
{Heap before GC invocations=8 (full 1):
 PSYoungGen      total 100864K, used 99857K [0x00000000daf80000, 0x00000000e2e80000, 0x0000000100000000)
  eden space 94208K, 99% used [0x00000000daf80000,0x00000000e0aaa790,0x00000000e0b80000)
  from space 6656K, 97% used [0x00000000e2800000,0x00000000e2e5a010,0x00000000e2e80000)
  to   space 8704K, 0% used [0x00000000e1d80000,0x00000000e1d80000,0x00000000e2600000)
 ParOldGen       total 49664K, used 7131K [0x0000000090e00000, 0x0000000093e80000, 0x00000000daf80000)
  object space 49664K, 14% used [0x0000000090e00000,0x00000000914f6e00,0x0000000093e80000)
 Metaspace       used 32110K, capacity 34028K, committed 34176K, reserved 1079296K
  class space    used 4300K, capacity 4670K, committed 4736K, reserved 1048576K
Event: 3.161 GC heap after
Heap after GC invocations=8 (full 1):
 PSYoungGen      total 121344K, used 8700K [0x00000000daf80000, 0x00000000e6000000, 0x0000000100000000)
  eden space 112640K, 0% used [0x00000000daf80000,0x00000000daf80000,0x00000000e1d80000)
  from space 8704K, 99% used [0x00000000e1d80000,0x00000000e25ff070,0x00000000e2600000)
  to   space 13824K, 0% used [0x00000000e5280000,0x00000000e5280000,0x00000000e6000000)
 ParOldGen       total 49664K, used 15970K [0x0000000090e00000, 0x0000000093e80000, 0x00000000daf80000)
  object space 49664K, 32% used [0x0000000090e00000,0x0000000091d98b78,0x0000000093e80000)
 Metaspace       used 32110K, capacity 34028K, committed 34176K, reserved 1079296K
  class space    used 4300K, capacity 4670K, committed 4736K, reserved 1048576K
}

