# JRE version: Java(TM) SE Runtime Environment (8.0_291-b10) (build 1.8.0_291-b10)
# Java VM: Java HotSpot(TM) 64-Bit Server VM (25.291-b10 mixed mode windows-amd64 compressed oops)
Heap:
 PSYoungGen      total 158208K, used 30548K [0x00000000daf80000, 0x00000000e8300000, 0x0000000100000000)
  eden space 147456K, 20% used [0x00000000daf80000,0x00000000dcd551d8,0x00000000e3f80000)
  from space 10752K, 0% used [0x00000000e4a00000,0x00000000e4a00000,0x00000000e5480000)
  to   space 10752K, 0% used [0x00000000e3f80000,0x00000000e3f80000,0x00000000e4a00000)
 ParOldGen       total 67584K, used 13201K [0x0000000090e00000, 0x0000000095000000, 0x00000000daf80000)
  object space 67584K, 19% used [0x0000000090e00000,0x0000000091ae47c8,0x0000000095000000)
 Metaspace       used 37633K, capacity 39712K, committed 39936K, reserved 1083392K
  class space    used 4920K, capacity 5325K, committed 5376K, reserved 1048576K
GC Heap History (10 events):
Event: 1.883 GC heap before
{Heap before GC invocations=6 (full 1):
 PSYoungGen      total 61952K, used 4605K [0x00000000daf80000, 0x00000000e3180000, 0x0000000100000000)
  eden space 57344K, 0% used [0x00000000daf80000,0x00000000daf80000,0x00000000de780000)
  from space 4608K, 99% used [0x00000000de780000,0x00000000debff6d8,0x00000000dec00000)
  to   space 9216K, 0% used [0x00000000e2880000,0x00000000e2880000,0x00000000e3180000)
 ParOldGen       total 76800K, used 8753K [0x0000000090e00000, 0x0000000095900000, 0x00000000daf80000)
  object space 76800K, 11% used [0x0000000090e00000,0x000000009168c768,0x0000000095900000)
 Metaspace       used 20284K, capacity 21236K, committed 21296K, reserved 1067008K
  class space    used 2665K, capacity 2904K, committed 2944K, reserved 1048576K
Event: 1.906 GC heap after
Heap after GC invocations=6 (full 1):
 PSYoungGen      total 61952K, used 0K [0x00000000daf80000, 0x00000000e3180000, 0x0000000100000000)
  eden space 57344K, 0% used [0x00000000daf80000,0x00000000daf80000,0x00000000de780000)
  from space 4608K, 0% used [0x00000000de780000,0x00000000de780000,0x00000000dec00000)
  to   space 9216K, 0% used [0x00000000e2880000,0x00000000e2880000,0x00000000e3180000)
 ParOldGen       total 50176K, used 7120K [0x0000000090e00000, 0x0000000093f00000, 0x00000000daf80000)
  object space 50176K, 14% used [0x0000000090e00000,0x00000000914f42f0,0x0000000093f00000)
 Metaspace       used 20284K, capacity 21236K, committed 21296K, reserved 1067008K
  class space    used 2665K, capacity 2904K, committed 2944K, reserved 1048576K
}
Event: 2.365 GC heap before
{Heap before GC invocations=7 (full 1):
 PSYoungGen      total 61952K, used 57344K [0x00000000daf80000, 0x00000000e3180000, 0x0000000100000000)
  eden space 57344K, 100% used [0x00000000daf80000,0x00000000de780000,0x00000000de780000)
  from space 4608K, 0% used [0x00000000de780000,0x00000000de780000,0x00000000dec00000)
  to   space 9216K, 0% used [0x00000000e2880000,0x00000000e2880000,0x00000000e3180000)
 ParOldGen       total 50176K, used 7120K [0x0000000090e00000, 0x0000000093f00000, 0x00000000daf80000)
  object space 50176K, 14% used [0x0000000090e00000,0x00000000914f42f0,0x0000000093f00000)
 Metaspace       used 24779K, capacity 26272K, committed 26496K, reserved 1073152K
  class space    used 3296K, capacity 3596K, committed 3712K, reserved 1048576K
Event: 2.370 GC heap after
Heap after GC invocations=7 (full 1):
 PSYoungGen      total 100352K, used 6480K [0x00000000daf80000, 0x00000000e2f00000, 0x0000000100000000)
  eden space 93696K, 0% used [0x00000000daf80000,0x00000000daf80000,0x00000000e0b00000)
  from space 6656K, 97% used [0x00000000e2880000,0x00000000e2ed40d0,0x00000000e2f00000)
  to   space 8704K, 0% used [0x00000000e1e00000,0x00000000e1e00000,0x00000000e2680000)
 ParOldGen       total 50176K, used 7128K [0x0000000090e00000, 0x0000000093f00000, 0x00000000daf80000)
  object space 50176K, 14% used [0x0000000090e00000,0x00000000914f62f0,0x0000000093f00000)
 Metaspace       used 24779K, capacity 26272K, committed 26496K, reserved 1073152K
  class space    used 3296K, capacity 3596K, committed 3712K, reserved 1048576K
}
Event: 5.189 GC heap before
{Heap before GC invocations=8 (full 1):
 PSYoungGen      total 100352K, used 100176K [0x00000000daf80000, 0x00000000e2f00000, 0x0000000100000000)
  eden space 93696K, 100% used [0x00000000daf80000,0x00000000e0b00000,0x00000000e0b00000)
  from space 6656K, 97% used [0x00000000e2880000,0x00000000e2ed40d0,0x00000000e2f00000)
  to   space 8704K, 0% used [0x00000000e1e00000,0x00000000e1e00000,0x00000000e2680000)
 ParOldGen       total 50176K, used 7128K [0x0000000090e00000, 0x0000000093f00000, 0x00000000daf80000)
  object space 50176K, 14% used [0x0000000090e00000,0x00000000914f62f0,0x0000000093f00000)
 Metaspace       used 32566K, capacity 34478K, committed 34688K, reserved 1079296K
  class space    used 4351K, capacity 4708K, committed 4736K, reserved 1048576K
Event: 5.200 GC heap after
Heap after GC invocations=8 (full 1):
 PSYoungGen      total 121856K, used 8688K [0x00000000daf80000, 0x00000000e5480000, 0x0000000100000000)
  eden space 113152K, 0% used [0x00000000daf80000,0x00000000daf80000,0x00000000e1e00000)
  from space 8704K, 99% used [0x00000000e1e00000,0x00000000e267c240,0x00000000e2680000)
  to   space 10752K, 0% used [0x00000000e4a00000,0x00000000e4a00000,0x00000000e5480000)
 ParOldGen       total 50176K, used 9608K [0x0000000090e00000, 0x0000000093f00000, 0x00000000daf80000)
  object space 50176K, 19% used [0x0000000090e00000,0x0000000091762350,0x0000000093f00000)
 Metaspace       used 32566K, capacity 34478K, committed 34688K, reserved 1079296K
  class space    used 4351K, capacity 4708K, committed 4736K, reserved 1048576K
}
Event: 5.278 GC heap before
{Heap before GC invocations=9 (full 1):
 PSYoungGen      total 121856K, used 18638K [0x00000000daf80000, 0x00000000e5480000, 0x0000000100000000)
  eden space 113152K, 8% used [0x00000000daf80000,0x00000000db937798,0x00000000e1e00000)
  from space 8704K, 99% used [0x00000000e1e00000,0x00000000e267c240,0x00000000e2680000)
  to   space 10752K, 0% used [0x00000000e4a00000,0x00000000e4a00000,0x00000000e5480000)
 ParOldGen       total 50176K, used 9608K [0x0000000090e00000, 0x0000000093f00000, 0x00000000daf80000)
  object space 50176K, 19% used [0x0000000090e00000,0x0000000091762350,0x0000000093f00000)
 Metaspace       used 33503K, capacity 35434K, committed 35496K, reserved 1079296K
  class space    used 4453K, capacity 4820K, committed 4864K, reserved 1048576K
Event: 5.285 GC heap after
Heap after GC invocations=9 (full 1):
 PSYoungGen      total 158208K, used 8171K [0x00000000daf80000, 0x00000000e8300000, 0x0000000100000000)
  eden space 147456K, 0% used [0x00000000daf80000,0x00000000daf80000,0x00000000e3f80000)
  from space 10752K, 75% used [0x00000000e4a00000,0x00000000e51fad88,0x00000000e5480000)
  to   space 10752K, 0% used [0x00000000e3f80000,0x00000000e3f80000,0x00000000e4a00000)
 ParOldGen       total 50176K, used 9616K [0x0000000090e00000, 0x0000000093f00000, 0x00000000daf80000)
  object space 50176K, 19% used [0x0000000090e00000,0x0000000091764350,0x0000000093f00000)
 Metaspace       used 33503K, capacity 35434K, committed 35496K, reserved 1079296K
  class space    used 4453K, capacity 4820K, committed 4864K, reserved 1048576K
}
Event: 5.285 GC heap before
{Heap before GC invocations=10 (full 2):
 PSYoungGen      total 158208K, used 8171K [0x00000000daf80000, 0x00000000e8300000, 0x0000000100000000)
  eden space 147456K, 0% used [0x00000000daf80000,0x00000000daf80000,0x00000000e3f80000)
  from space 10752K, 75% used [0x00000000e4a00000,0x00000000e51fad88,0x00000000e5480000)
  to   space 10752K, 0% used [0x00000000e3f80000,0x00000000e3f80000,0x00000000e4a00000)
 ParOldGen       total 50176K, used 9616K [0x0000000090e00000, 0x0000000093f00000, 0x00000000daf80000)
  object space 50176K, 19% used [0x0000000090e00000,0x0000000091764350,0x0000000093f00000)
 Metaspace       used 33503K, capacity 35434K, committed 35496K, reserved 1079296K
  class space    used 4453K, capacity 4820K, committed 4864K, reserved 1048576K
Event: 5.330 GC heap after
Heap after GC invocations=10 (full 2):
 PSYoungGen      total 158208K, used 0K [0x00000000daf80000, 0x00000000e8300000, 0x0000000100000000)
  eden space 147456K, 0% used [0x00000000daf80000,0x00000000daf80000,0x00000000e3f80000)
  from space 10752K, 0% used [0x00000000e4a00000,0x00000000e4a00000,0x00000000e5480000)
  to   space 10752K, 0% used [0x00000000e3f80000,0x00000000e3f80000,0x00000000e4a00000)
 ParOldGen       total 67584K, used 13201K [0x0000000090e00000, 0x0000000095000000, 0x00000000daf80000)
  object space 67584K, 19% used [0x0000000090e00000,0x0000000091ae47c8,0x0000000095000000)
 Metaspace       used 33503K, capacity 35434K, committed 35496K, reserved 1079296K
  class space    used 4453K, capacity 4820K, committed 4864K, reserved 1048576K
}

